 => ERROR [builder 10/10] RUN set -x && npm run build && ls -la /app/frontend/build           17.2s
------
 > [builder 10/10] RUN set -x && npm run build && ls -la /app/frontend/build:
0.357 + npm run build
0.646
0.646 > feedeliza-plus@1.0.0 build
0.646 > set REACT_APP_API_URL=https://feedelizaapi.towersfy.com && react-app-rewired build
0.646
3.136 Creating an optimized production build...
17.08 Failed to compile.
17.08
17.08 Module not found: Error: Can't resolve './api/publicService' in '/app/frontend/src/features/Public/pages'
17.08
17.08
------
Dockerfile.frontend:27
--------------------
  25 |     RUN if [ -z "$REACT_APP_API_URL" ]; then echo "Error: Build argument REACT_APP_API_URL is required." && exit 1; fi
  26 |     ENV REACT_APP_API_URL=$REACT_APP_API_URL
  27 | >>> RUN set -x && npm run build && ls -la /app/frontend/build
  28 |
  29 |     # Estágio final para servir os arquivos com NGINX
--------------------
ERROR: failed to solve: process "/bin/sh -c set -x && npm run build && ls -la /app/frontend/build" did not complete successfully: exit code: 1